app/build/outputs/logs/manifest-merger-debug-report.txt
-- Merging decision tree log ---
manifest
ADDED from src\main\AndroidManifest.xml:2:1-120:12
	package
		ADDED from src\main\AndroidManifest.xml:3:5-32
		INJECTED from src\main\AndroidManifest.xml
		INJECTED from src\main\AndroidManifest.xml
	android:versionName
		INJECTED from src\main\AndroidManifest.xml
		INJECTED from src\main\AndroidManifest.xml
	xmlns:android
		ADDED from src\main\AndroidManifest.xml:2:11-69
	android:versionCode
		INJECTED from src\main\AndroidManifest.xml
		INJECTED from src\main\AndroidManifest.xml
uses-permission#android.permission.WRITE_EXTERNAL_STORAGE
ADDED from src\main\AndroidManifest.xml:5:5-81
	android:name
		ADDED from src\main\AndroidManifest.xml:5:22-78
uses-permission#android.permission.READ_EXTERNAL_STORAGE
ADDED from src\main\AndroidManifest.xml:6:5-80
	android:name
		ADDED from src\main\AndroidManifest.xml:6:22-77
uses-feature#android.hardware.camera2
ADDED from src\main\AndroidManifest.xml:8:5-61
	android:name
		ADDED from src\main\AndroidManifest.xml:8:19-58
uses-permission#android.permission.INTERNET
ADDED from src\main\AndroidManifest.xml:10:5-67
	android:name
		ADDED from src\main\AndroidManifest.xml:10:22-64
uses-permission#android.permission.ACCESS_NETWORK_STATE
ADDED from src\main\AndroidManifest.xml:11:5-79
	android:name
		ADDED from src\main\AndroidManifest.xml:11:22-76
uses-permission#android.permission.VIBRATE
ADDED from src\main\AndroidManifest.xml:13:5-66
	android:name
		ADDED from src\main\AndroidManifest.xml:13:22-63
uses-permission#android.permission.WAKE_LOCK
ADDED from src\main\AndroidManifest.xml:14:5-68
	android:name
		ADDED from src\main\AndroidManifest.xml:14:22-65
uses-permission#android.permission.RECEIVE_BOOT_COMPLETED
ADDED from src\main\AndroidManifest.xml:15:5-81
	android:name
		ADDED from src\main\AndroidManifest.xml:15:22-78
protected-broadcast
ADDED from src\main\AndroidManifest.xml:17:5-79
	android:name
		ADDED from src\main\AndroidManifest.xml:17:26-76
category#android.intent.category.BROWSABLE
ADDED from src\main\AndroidManifest.xml:19:5-66
	android:name
		ADDED from src\main\AndroidManifest.xml:19:15-63
service#com.swdm.mp.smile.SettingFragment
ADDED from src\main\AndroidManifest.xml:21:5-23:34
	android:enabled
		ADDED from src\main\AndroidManifest.xml:23:9-31
	android:name
		ADDED from src\main\AndroidManifest.xml:22:9-40
receiver#com.swdm.mp.smile.MyReceiver
ADDED from src\main\AndroidManifest.xml:25:5-32:16
	android:enabled
		ADDED from src\main\AndroidManifest.xml:27:9-31
	android:exported
		ADDED from src\main\AndroidManifest.xml:28:9-33
	android:name
		ADDED from src\main\AndroidManifest.xml:26:9-35
intent-filter#android.intent.action.BOOT_COMPLETED
ADDED from src\main\AndroidManifest.xml:29:9-31:25
action#android.intent.action.BOOT_COMPLETED
ADDED from src\main\AndroidManifest.xml:30:13-75
	android:name
		ADDED from src\main\AndroidManifest.xml:30:21-72
application
ADDED from src\main\AndroidManifest.xml:34:5-118:19
MERGED from [io.github.yavski:fab-speed-dial:1.0.6] AndroidManifest.xml:26:5-20
MERGED from [com.android.support:design:24.0.0-beta1] AndroidManifest.xml:22:5-20
MERGED from [com.android.support:appcompat-v7:24.0.0-beta1] AndroidManifest.xml:25:5-20
MERGED from [com.android.support:animated-vector-drawable:24.0.0-beta1] AndroidManifest.xml:22:5-20
MERGED from [com.android.support:support-vector-drawable:24.0.0-beta1] AndroidManifest.xml:23:5-20
MERGED from [com.android.support:cardview-v7:23.3.0] AndroidManifest.xml:22:5-20
MERGED from [com.google.android.gms:play-services-appindexing:8.1.0] AndroidManifest.xml:19:5-20
MERGED from [com.google.android.gms:play-services-basement:8.1.0] AndroidManifest.xml:20:5-24:19
MERGED from [com.android.support:support-v4:24.0.0-beta1] AndroidManifest.xml:25:5-20
	android:label
		ADDED from src\main\AndroidManifest.xml:37:9-41
	android:supportsRtl
		ADDED from src\main\AndroidManifest.xml:38:9-35
	android:allowBackup
		ADDED from src\main\AndroidManifest.xml:35:9-35
	android:icon
		ADDED from src\main\AndroidManifest.xml:36:9-43
	android:theme
		ADDED from src\main\AndroidManifest.xml:39:9-47
activity#com.swdm.mp.smile.MainActivity
ADDED from src\main\AndroidManifest.xml:40:9-44:20
	android:name
		ADDED from src\main\AndroidManifest.xml:40:19-47
intent-filter#android.intent.action.MAIN
ADDED from src\main\AndroidManifest.xml:41:13-43:29
action#android.intent.action.MAIN
ADDED from src\main\AndroidManifest.xml:42:17-69
	android:name
		ADDED from src\main\AndroidManifest.xml:42:25-66
activity#com.swdm.mp.smile.JavaScriptInterface
ADDED from src\main\AndroidManifest.xml:45:9-51:20
	android:name
		ADDED from src\main\AndroidManifest.xml:45:19-54
intent-filter#android.intent.category.DEFAULT+com.swdm.mp.smile.JAVASCRIPTINTERFACE
ADDED from src\main\AndroidManifest.xml:46:13-50:29
action#com.swdm.mp.smile.JAVASCRIPTINTERFACE
ADDED from src\main\AndroidManifest.xml:47:17-80
	android:name
		ADDED from src\main\AndroidManifest.xml:47:25-77
category#android.intent.category.DEFAULT
ADDED from src\main\AndroidManifest.xml:49:17-76
	android:name
		ADDED from src\main\AndroidManifest.xml:49:27-73
activity#com.swdm.mp.smile.HistoryFragment
ADDED from src\main\AndroidManifest.xml:52:9-53
	android:name
		ADDED from src\main\AndroidManifest.xml:52:19-50
activity#com.swdm.mp.smile.TherapyFragment
ADDED from src\main\AndroidManifest.xml:53:9-53
	android:name
		ADDED from src\main\AndroidManifest.xml:53:19-50
activity#com.swdm.mp.smile.SettingFragment
ADDED from src\main\AndroidManifest.xml:54:9-53
	android:name
		ADDED from src\main\AndroidManifest.xml:54:19-50
activity#com.swdm.mp.smile.HowtoFragment
ADDED from src\main\AndroidManifest.xml:55:9-51
	android:name
		ADDED from src\main\AndroidManifest.xml:55:19-48
activity#com.swdm.mp.smile.SplashActivity
ADDED from src\main\AndroidManifest.xml:56:9-62:20
	android:name
		ADDED from src\main\AndroidManifest.xml:56:19-49
intent-filter#android.intent.action.MAIN+android.intent.category.LAUNCHER
ADDED from src\main\AndroidManifest.xml:57:13-61:29
category#android.intent.category.LAUNCHER
ADDED from src\main\AndroidManifest.xml:60:17-77
	android:name
		ADDED from src\main\AndroidManifest.xml:60:27-74
activity#com.swdm.mp.smile.ActivityIntent
ADDED from src\main\AndroidManifest.xml:63:9-69:20
	android:name
		ADDED from src\main\AndroidManifest.xml:63:19-49
intent-filter#android.intent.category.DEFAULT+com.swdm.mp.smile.ACTIVITYINTENT
ADDED from src\main\AndroidManifest.xml:64:13-68:29
action#com.swdm.mp.smile.ACTIVITYINTENT
ADDED from src\main\AndroidManifest.xml:65:17-75
	android:name
		ADDED from src\main\AndroidManifest.xml:65:25-72
activity#com.swdm.mp.smile.MessageIntent
ADDED from src\main\AndroidManifest.xml:70:9-76:20
	android:name
		ADDED from src\main\AndroidManifest.xml:70:19-48
intent-filter#android.intent.category.DEFAULT+com.swdm.mp.smile.MESSAGEINTENT
ADDED from src\main\AndroidManifest.xml:71:13-75:29
action#com.swdm.mp.smile.MESSAGEINTENT
ADDED from src\main\AndroidManifest.xml:72:17-74
	android:name
		ADDED from src\main\AndroidManifest.xml:72:25-71
activity#com.swdm.mp.smile.FoodIntent
ADDED from src\main\AndroidManifest.xml:77:9-83:20
	android:name
		ADDED from src\main\AndroidManifest.xml:77:19-45
intent-filter#android.intent.category.DEFAULT+com.swdm.mp.smile.FOODINTENT
ADDED from src\main\AndroidManifest.xml:78:13-82:29
action#com.swdm.mp.smile.FOODINTENT
ADDED from src\main\AndroidManifest.xml:79:17-71
	android:name
		ADDED from src\main\AndroidManifest.xml:79:25-68
activity#com.swdm.mp.smile.SleepIntent
ADDED from src\main\AndroidManifest.xml:84:9-90:20
	android:name
		ADDED from src\main\AndroidManifest.xml:84:19-46
intent-filter#android.intent.category.DEFAULT+com.swdm.mp.smile.SLEEPINTENT
ADDED from src\main\AndroidManifest.xml:85:13-89:29
action#com.swdm.mp.smile.SLEEPINTENT
ADDED from src\main\AndroidManifest.xml:86:17-72
	android:name
		ADDED from src\main\AndroidManifest.xml:86:25-69
activity#com.swdm.mp.smile.AlarmIntent
ADDED from src\main\AndroidManifest.xml:91:9-97:20
	android:name
		ADDED from src\main\AndroidManifest.xml:91:19-46
intent-filter#android.intent.category.DEFAULT+com.swdm.mp.smile.ALARMINTENT
ADDED from src\main\AndroidManifest.xml:92:13-96:29
action#com.swdm.mp.smile.ALARMINTENT
ADDED from src\main\AndroidManifest.xml:93:17-72
	android:name
		ADDED from src\main\AndroidManifest.xml:93:25-69
activity#com.swdm.mp.smile.SmileEffectIntent
ADDED from src\main\AndroidManifest.xml:98:9-104:20
	android:name
		ADDED from src\main\AndroidManifest.xml:98:19-52
intent-filter#android.intent.category.DEFAULT+com.swdm.mp.smile.SMILEEFFECTINTENT
ADDED from src\main\AndroidManifest.xml:99:13-103:29
action#com.swdm.mp.smile.SMILEEFFECTINTENT
ADDED from src\main\AndroidManifest.xml:100:17-78
	android:name
		ADDED from src\main\AndroidManifest.xml:100:25-75
activity#com.swdm.mp.smile.helper.RecognizeActivity
ADDED from src\main\AndroidManifest.xml:105:9-62
	android:name
		ADDED from src\main\AndroidManifest.xml:105:19-59
meta-data#com.google.android.gms.version
ADDED from src\main\AndroidManifest.xml:110:9-112:69
MERGED from [com.google.android.gms:play-services-basement:8.1.0] AndroidManifest.xml:21:9-23:69
	android:value
		ADDED from src\main\AndroidManifest.xml:112:13-66
	android:name
		ADDED from src\main\AndroidManifest.xml:111:13-58
service#com.swdm.mp.smile.alarmService
ADDED from src\main\AndroidManifest.xml:114:9-117:47
	android:enabled
		ADDED from src\main\AndroidManifest.xml:116:13-35
	android:exported
		ADDED from src\main\AndroidManifest.xml:117:13-36
	android:name
		ADDED from src\main\AndroidManifest.xml:115:13-41
uses-sdk
INJECTED from src\main\AndroidManifest.xml reason: use-sdk injection requested
MERGED from [com.microsoft.projectoxford:emotion:1.0.0] AndroidManifest.xml:5:5-7:41
MERGED from [com.microsoft.projectoxford:face:1.1.0] AndroidManifest.xml:6:5-8:41
MERGED from [io.github.yavski:fab-speed-dial:1.0.6] AndroidManifest.xml:22:5-24:41
MERGED from [com.android.support:design:24.0.0-beta1] AndroidManifest.xml:20:5-43
MERGED from [com.android.support:appcompat-v7:24.0.0-beta1] AndroidManifest.xml:21:5-23:78
MERGED from [com.android.support:animated-vector-drawable:24.0.0-beta1] AndroidManifest.xml:20:5-44
MERGED from [com.android.support:support-vector-drawable:24.0.0-beta1] AndroidManifest.xml:21:5-43
MERGED from [com.android.support:cardview-v7:23.3.0] AndroidManifest.xml:20:5-43
MERGED from [com.android.support:recyclerview-v7:24.0.0-beta1] AndroidManifest.xml:20:5-43
MERGED from [com.google.android.gms:play-services-appindexing:8.1.0] AndroidManifest.xml:18:5-42
MERGED from [com.google.android.gms:play-services-basement:8.1.0] AndroidManifest.xml:18:5-42
MERGED from [com.android.support:support-v4:24.0.0-beta1] AndroidManifest.xml:21:5-23:54
	tools:overrideLibrary
		ADDED from [com.android.support:appcompat-v7:24.0.0-beta1] AndroidManifest.xml:23:9-75
	android:targetSdkVersion
		INJECTED from src\main\AndroidManifest.xml
		INJECTED from src\main\AndroidManifest.xml
	android:minSdkVersion
		INJECTED from src\main\AndroidManifest.xml
		INJECTED from src\main\AndroidManifest.xml
library
ADDED from [com.microsoft.projectoxford:emotion:1.0.0] AndroidManifest.xml:9:5-16